<?xml version="1.0" encoding="UTF-8"?>
<testsuite xmlns:xsi="http://www.w3.org/2001/XMLSchema-instance" xsi:noNamespaceSchemaLocation="https://maven.apache.org/surefire/maven-surefire-plugin/xsd/surefire-test-report.xsd" name="io.mattea.recommendation.MatteaRecommendationApiApplicationTests" time="5.169" tests="1" errors="0" skipped="0" failures="0">
  <properties>
    <property name="sun.desktop" value="gnome"/>
    <property name="awt.toolkit" value="sun.awt.X11.XToolkit"/>
    <property name="file.encoding.pkg" value="sun.io"/>
    <property name="java.specification.version" value="1.8"/>
    <property name="sun.cpu.isalist" value=""/>
    <property name="sun.jnu.encoding" value="UTF-8"/>
    <property name="java.class.path" value="/home/ashish/sandbox/mattea_rest_api/mattea-recommendation-api/target/test-classes:/home/ashish/sandbox/mattea_rest_api/mattea-recommendation-api/target/classes:/home/ashish/.m2/repository/org/springframework/boot/spring-boot-starter/2.3.1.RELEASE/spring-boot-starter-2.3.1.RELEASE.jar:/home/ashish/.m2/repository/org/springframework/boot/spring-boot/2.3.1.RELEASE/spring-boot-2.3.1.RELEASE.jar:/home/ashish/.m2/repository/org/springframework/boot/spring-boot-autoconfigure/2.3.1.RELEASE/spring-boot-autoconfigure-2.3.1.RELEASE.jar:/home/ashish/.m2/repository/org/springframework/boot/spring-boot-starter-logging/2.3.1.RELEASE/spring-boot-starter-logging-2.3.1.RELEASE.jar:/home/ashish/.m2/repository/ch/qos/logback/logback-classic/1.2.3/logback-classic-1.2.3.jar:/home/ashish/.m2/repository/ch/qos/logback/logback-core/1.2.3/logback-core-1.2.3.jar:/home/ashish/.m2/repository/org/apache/logging/log4j/log4j-to-slf4j/2.13.3/log4j-to-slf4j-2.13.3.jar:/home/ashish/.m2/repository/org/apache/logging/log4j/log4j-api/2.13.3/log4j-api-2.13.3.jar:/home/ashish/.m2/repository/org/slf4j/jul-to-slf4j/1.7.30/jul-to-slf4j-1.7.30.jar:/home/ashish/.m2/repository/jakarta/annotation/jakarta.annotation-api/1.3.5/jakarta.annotation-api-1.3.5.jar:/home/ashish/.m2/repository/org/springframework/spring-core/5.2.7.RELEASE/spring-core-5.2.7.RELEASE.jar:/home/ashish/.m2/repository/org/springframework/spring-jcl/5.2.7.RELEASE/spring-jcl-5.2.7.RELEASE.jar:/home/ashish/.m2/repository/org/yaml/snakeyaml/1.26/snakeyaml-1.26.jar:/home/ashish/.m2/repository/org/springframework/boot/spring-boot-starter-test/2.3.1.RELEASE/spring-boot-starter-test-2.3.1.RELEASE.jar:/home/ashish/.m2/repository/org/springframework/boot/spring-boot-test/2.3.1.RELEASE/spring-boot-test-2.3.1.RELEASE.jar:/home/ashish/.m2/repository/org/springframework/boot/spring-boot-test-autoconfigure/2.3.1.RELEASE/spring-boot-test-autoconfigure-2.3.1.RELEASE.jar:/home/ashish/.m2/repository/com/jayway/jsonpath/json-path/2.4.0/json-path-2.4.0.jar:/home/ashish/.m2/repository/net/minidev/json-smart/2.3/json-smart-2.3.jar:/home/ashish/.m2/repository/net/minidev/accessors-smart/1.2/accessors-smart-1.2.jar:/home/ashish/.m2/repository/org/ow2/asm/asm/5.0.4/asm-5.0.4.jar:/home/ashish/.m2/repository/jakarta/xml/bind/jakarta.xml.bind-api/2.3.3/jakarta.xml.bind-api-2.3.3.jar:/home/ashish/.m2/repository/jakarta/activation/jakarta.activation-api/1.2.2/jakarta.activation-api-1.2.2.jar:/home/ashish/.m2/repository/org/assertj/assertj-core/3.16.1/assertj-core-3.16.1.jar:/home/ashish/.m2/repository/org/hamcrest/hamcrest/2.2/hamcrest-2.2.jar:/home/ashish/.m2/repository/org/junit/jupiter/junit-jupiter/5.6.2/junit-jupiter-5.6.2.jar:/home/ashish/.m2/repository/org/junit/jupiter/junit-jupiter-api/5.6.2/junit-jupiter-api-5.6.2.jar:/home/ashish/.m2/repository/org/apiguardian/apiguardian-api/1.1.0/apiguardian-api-1.1.0.jar:/home/ashish/.m2/repository/org/opentest4j/opentest4j/1.2.0/opentest4j-1.2.0.jar:/home/ashish/.m2/repository/org/junit/platform/junit-platform-commons/1.6.2/junit-platform-commons-1.6.2.jar:/home/ashish/.m2/repository/org/junit/jupiter/junit-jupiter-params/5.6.2/junit-jupiter-params-5.6.2.jar:/home/ashish/.m2/repository/org/junit/jupiter/junit-jupiter-engine/5.6.2/junit-jupiter-engine-5.6.2.jar:/home/ashish/.m2/repository/org/junit/platform/junit-platform-engine/1.6.2/junit-platform-engine-1.6.2.jar:/home/ashish/.m2/repository/org/mockito/mockito-core/3.3.3/mockito-core-3.3.3.jar:/home/ashish/.m2/repository/net/bytebuddy/byte-buddy/1.10.11/byte-buddy-1.10.11.jar:/home/ashish/.m2/repository/net/bytebuddy/byte-buddy-agent/1.10.11/byte-buddy-agent-1.10.11.jar:/home/ashish/.m2/repository/org/objenesis/objenesis/2.6/objenesis-2.6.jar:/home/ashish/.m2/repository/org/mockito/mockito-junit-jupiter/3.3.3/mockito-junit-jupiter-3.3.3.jar:/home/ashish/.m2/repository/org/skyscreamer/jsonassert/1.5.0/jsonassert-1.5.0.jar:/home/ashish/.m2/repository/com/vaadin/external/google/android-json/0.0.20131108.vaadin1/android-json-0.0.20131108.vaadin1.jar:/home/ashish/.m2/repository/org/springframework/spring-test/5.2.7.RELEASE/spring-test-5.2.7.RELEASE.jar:/home/ashish/.m2/repository/org/xmlunit/xmlunit-core/2.7.0/xmlunit-core-2.7.0.jar:/home/ashish/.m2/repository/org/springframework/boot/spring-boot-starter-data-cassandra/2.3.1.RELEASE/spring-boot-starter-data-cassandra-2.3.1.RELEASE.jar:/home/ashish/.m2/repository/org/springframework/spring-tx/5.2.7.RELEASE/spring-tx-5.2.7.RELEASE.jar:/home/ashish/.m2/repository/org/springframework/data/spring-data-cassandra/3.0.1.RELEASE/spring-data-cassandra-3.0.1.RELEASE.jar:/home/ashish/.m2/repository/org/springframework/spring-context/5.2.7.RELEASE/spring-context-5.2.7.RELEASE.jar:/home/ashish/.m2/repository/org/springframework/spring-aop/5.2.7.RELEASE/spring-aop-5.2.7.RELEASE.jar:/home/ashish/.m2/repository/org/springframework/spring-beans/5.2.7.RELEASE/spring-beans-5.2.7.RELEASE.jar:/home/ashish/.m2/repository/org/springframework/spring-expression/5.2.7.RELEASE/spring-expression-5.2.7.RELEASE.jar:/home/ashish/.m2/repository/org/springframework/data/spring-data-commons/2.3.1.RELEASE/spring-data-commons-2.3.1.RELEASE.jar:/home/ashish/.m2/repository/com/datastax/oss/java-driver-core/4.6.1/java-driver-core-4.6.1.jar:/home/ashish/.m2/repository/com/datastax/oss/native-protocol/1.4.10/native-protocol-1.4.10.jar:/home/ashish/.m2/repository/io/netty/netty-handler/4.1.50.Final/netty-handler-4.1.50.Final.jar:/home/ashish/.m2/repository/io/netty/netty-common/4.1.50.Final/netty-common-4.1.50.Final.jar:/home/ashish/.m2/repository/io/netty/netty-resolver/4.1.50.Final/netty-resolver-4.1.50.Final.jar:/home/ashish/.m2/repository/io/netty/netty-buffer/4.1.50.Final/netty-buffer-4.1.50.Final.jar:/home/ashish/.m2/repository/io/netty/netty-transport/4.1.50.Final/netty-transport-4.1.50.Final.jar:/home/ashish/.m2/repository/io/netty/netty-codec/4.1.50.Final/netty-codec-4.1.50.Final.jar:/home/ashish/.m2/repository/com/datastax/oss/java-driver-shaded-guava/25.1-jre/java-driver-shaded-guava-25.1-jre.jar:/home/ashish/.m2/repository/com/typesafe/config/1.3.4/config-1.3.4.jar:/home/ashish/.m2/repository/com/github/jnr/jnr-posix/3.0.50/jnr-posix-3.0.50.jar:/home/ashish/.m2/repository/com/github/jnr/jnr-ffi/2.1.10/jnr-ffi-2.1.10.jar:/home/ashish/.m2/repository/com/github/jnr/jffi/1.2.19/jffi-1.2.19.jar:/home/ashish/.m2/repository/com/github/jnr/jffi/1.2.19/jffi-1.2.19-native.jar:/home/ashish/.m2/repository/org/ow2/asm/asm-commons/7.1/asm-commons-7.1.jar:/home/ashish/.m2/repository/org/ow2/asm/asm-analysis/7.1/asm-analysis-7.1.jar:/home/ashish/.m2/repository/org/ow2/asm/asm-tree/7.1/asm-tree-7.1.jar:/home/ashish/.m2/repository/org/ow2/asm/asm-util/7.1/asm-util-7.1.jar:/home/ashish/.m2/repository/com/github/jnr/jnr-a64asm/1.0.0/jnr-a64asm-1.0.0.jar:/home/ashish/.m2/repository/com/github/jnr/jnr-x86asm/1.0.2/jnr-x86asm-1.0.2.jar:/home/ashish/.m2/repository/com/github/jnr/jnr-constants/0.9.12/jnr-constants-0.9.12.jar:/home/ashish/.m2/repository/org/javatuples/javatuples/1.2/javatuples-1.2.jar:/home/ashish/.m2/repository/io/dropwizard/metrics/metrics-core/4.1.9/metrics-core-4.1.9.jar:/home/ashish/.m2/repository/org/hdrhistogram/HdrHistogram/2.1.11/HdrHistogram-2.1.11.jar:/home/ashish/.m2/repository/com/esri/geometry/esri-geometry-api/1.2.1/esri-geometry-api-1.2.1.jar:/home/ashish/.m2/repository/org/json/json/20090211/json-20090211.jar:/home/ashish/.m2/repository/org/codehaus/jackson/jackson-core-asl/1.9.12/jackson-core-asl-1.9.12.jar:/home/ashish/.m2/repository/org/apache/tinkerpop/gremlin-core/3.4.5/gremlin-core-3.4.5.jar:/home/ashish/.m2/repository/org/apache/tinkerpop/gremlin-shaded/3.4.5/gremlin-shaded-3.4.5.jar:/home/ashish/.m2/repository/commons-configuration/commons-configuration/1.10/commons-configuration-1.10.jar:/home/ashish/.m2/repository/commons-lang/commons-lang/2.6/commons-lang-2.6.jar:/home/ashish/.m2/repository/commons-collections/commons-collections/3.2.2/commons-collections-3.2.2.jar:/home/ashish/.m2/repository/org/apache/commons/commons-lang3/3.10/commons-lang3-3.10.jar:/home/ashish/.m2/repository/com/carrotsearch/hppc/0.7.1/hppc-0.7.1.jar:/home/ashish/.m2/repository/com/jcabi/jcabi-manifests/1.1/jcabi-manifests-1.1.jar:/home/ashish/.m2/repository/com/jcabi/jcabi-log/0.14/jcabi-log-0.14.jar:/home/ashish/.m2/repository/com/squareup/javapoet/1.8.0/javapoet-1.8.0.jar:/home/ashish/.m2/repository/net/objecthunter/exp4j/0.4.8/exp4j-0.4.8.jar:/home/ashish/.m2/repository/org/apache/tinkerpop/tinkergraph-gremlin/3.4.5/tinkergraph-gremlin-3.4.5.jar:/home/ashish/.m2/repository/org/apache/tinkerpop/gremlin-driver/3.4.5/gremlin-driver-3.4.5.jar:/home/ashish/.m2/repository/org/codehaus/groovy/groovy/2.5.7/groovy-2.5.7-indy.jar:/home/ashish/.m2/repository/org/codehaus/groovy/groovy-json/2.5.7/groovy-json-2.5.7-indy.jar:/home/ashish/.m2/repository/com/fasterxml/jackson/core/jackson-core/2.11.0/jackson-core-2.11.0.jar:/home/ashish/.m2/repository/com/fasterxml/jackson/core/jackson-databind/2.11.0/jackson-databind-2.11.0.jar:/home/ashish/.m2/repository/org/reactivestreams/reactive-streams/1.0.3/reactive-streams-1.0.3.jar:/home/ashish/.m2/repository/com/github/stephenc/jcip/jcip-annotations/1.0-1/jcip-annotations-1.0-1.jar:/home/ashish/.m2/repository/com/github/spotbugs/spotbugs-annotations/3.1.12/spotbugs-annotations-3.1.12.jar:/home/ashish/.m2/repository/com/google/code/findbugs/jsr305/3.0.2/jsr305-3.0.2.jar:/home/ashish/.m2/repository/com/datastax/oss/java-driver-query-builder/4.6.1/java-driver-query-builder-4.6.1.jar:/home/ashish/.m2/repository/org/slf4j/slf4j-api/1.7.30/slf4j-api-1.7.30.jar:/home/ashish/.m2/repository/org/springframework/boot/spring-boot-starter-web/2.3.1.RELEASE/spring-boot-starter-web-2.3.1.RELEASE.jar:/home/ashish/.m2/repository/org/springframework/boot/spring-boot-starter-json/2.3.1.RELEASE/spring-boot-starter-json-2.3.1.RELEASE.jar:/home/ashish/.m2/repository/com/fasterxml/jackson/datatype/jackson-datatype-jdk8/2.11.0/jackson-datatype-jdk8-2.11.0.jar:/home/ashish/.m2/repository/com/fasterxml/jackson/datatype/jackson-datatype-jsr310/2.11.0/jackson-datatype-jsr310-2.11.0.jar:/home/ashish/.m2/repository/com/fasterxml/jackson/module/jackson-module-parameter-names/2.11.0/jackson-module-parameter-names-2.11.0.jar:/home/ashish/.m2/repository/org/springframework/boot/spring-boot-starter-tomcat/2.3.1.RELEASE/spring-boot-starter-tomcat-2.3.1.RELEASE.jar:/home/ashish/.m2/repository/org/apache/tomcat/embed/tomcat-embed-core/9.0.36/tomcat-embed-core-9.0.36.jar:/home/ashish/.m2/repository/org/glassfish/jakarta.el/3.0.3/jakarta.el-3.0.3.jar:/home/ashish/.m2/repository/org/apache/tomcat/embed/tomcat-embed-websocket/9.0.36/tomcat-embed-websocket-9.0.36.jar:/home/ashish/.m2/repository/org/springframework/spring-web/5.2.7.RELEASE/spring-web-5.2.7.RELEASE.jar:/home/ashish/.m2/repository/org/springframework/spring-webmvc/5.2.7.RELEASE/spring-webmvc-5.2.7.RELEASE.jar:/home/ashish/.m2/repository/org/projectlombok/lombok/1.18.12/lombok-1.18.12.jar:/home/ashish/.m2/repository/io/springfox/springfox-swagger-ui/2.9.2/springfox-swagger-ui-2.9.2.jar:/home/ashish/.m2/repository/io/springfox/springfox-spring-web/2.9.2/springfox-spring-web-2.9.2.jar:/home/ashish/.m2/repository/io/springfox/springfox-swagger2/2.9.2/springfox-swagger2-2.9.2.jar:/home/ashish/.m2/repository/io/swagger/swagger-annotations/1.5.20/swagger-annotations-1.5.20.jar:/home/ashish/.m2/repository/io/swagger/swagger-models/1.5.20/swagger-models-1.5.20.jar:/home/ashish/.m2/repository/com/fasterxml/jackson/core/jackson-annotations/2.11.0/jackson-annotations-2.11.0.jar:/home/ashish/.m2/repository/io/springfox/springfox-spi/2.9.2/springfox-spi-2.9.2.jar:/home/ashish/.m2/repository/io/springfox/springfox-core/2.9.2/springfox-core-2.9.2.jar:/home/ashish/.m2/repository/io/springfox/springfox-schema/2.9.2/springfox-schema-2.9.2.jar:/home/ashish/.m2/repository/io/springfox/springfox-swagger-common/2.9.2/springfox-swagger-common-2.9.2.jar:/home/ashish/.m2/repository/com/google/guava/guava/20.0/guava-20.0.jar:/home/ashish/.m2/repository/com/fasterxml/classmate/1.5.1/classmate-1.5.1.jar:/home/ashish/.m2/repository/org/springframework/plugin/spring-plugin-core/1.2.0.RELEASE/spring-plugin-core-1.2.0.RELEASE.jar:/home/ashish/.m2/repository/org/springframework/plugin/spring-plugin-metadata/1.2.0.RELEASE/spring-plugin-metadata-1.2.0.RELEASE.jar:/home/ashish/.m2/repository/org/mapstruct/mapstruct/1.2.0.Final/mapstruct-1.2.0.Final.jar:/home/ashish/.m2/repository/org/springframework/boot/spring-boot-configuration-processor/2.3.1.RELEASE/spring-boot-configuration-processor-2.3.1.RELEASE.jar:"/>
    <property name="java.vm.vendor" value="Oracle Corporation"/>
    <property name="sun.arch.data.model" value="64"/>
    <property name="java.vendor.url" value="https://adoptopenjdk.net/"/>
    <property name="user.timezone" value=""/>
    <property name="java.vm.specification.version" value="1.8"/>
    <property name="os.name" value="Linux"/>
    <property name="user.country" value="US"/>
    <property name="sun.java.launcher" value="SUN_STANDARD"/>
    <property name="sun.boot.library.path" value="/opt/jdk8u202-b08/jre/lib/amd64"/>
    <property name="sun.java.command" value="/home/ashish/sandbox/mattea_rest_api/mattea-recommendation-api/target/surefire/surefirebooter4918975717550525339.jar /home/ashish/sandbox/mattea_rest_api/mattea-recommendation-api/target/surefire 2020-07-21T15-55-27_949-jvmRun1 surefire1278987891756236866tmp surefire_06406434710817465300tmp"/>
    <property name="surefire.test.class.path" value="/home/ashish/sandbox/mattea_rest_api/mattea-recommendation-api/target/test-classes:/home/ashish/sandbox/mattea_rest_api/mattea-recommendation-api/target/classes:/home/ashish/.m2/repository/org/springframework/boot/spring-boot-starter/2.3.1.RELEASE/spring-boot-starter-2.3.1.RELEASE.jar:/home/ashish/.m2/repository/org/springframework/boot/spring-boot/2.3.1.RELEASE/spring-boot-2.3.1.RELEASE.jar:/home/ashish/.m2/repository/org/springframework/boot/spring-boot-autoconfigure/2.3.1.RELEASE/spring-boot-autoconfigure-2.3.1.RELEASE.jar:/home/ashish/.m2/repository/org/springframework/boot/spring-boot-starter-logging/2.3.1.RELEASE/spring-boot-starter-logging-2.3.1.RELEASE.jar:/home/ashish/.m2/repository/ch/qos/logback/logback-classic/1.2.3/logback-classic-1.2.3.jar:/home/ashish/.m2/repository/ch/qos/logback/logback-core/1.2.3/logback-core-1.2.3.jar:/home/ashish/.m2/repository/org/apache/logging/log4j/log4j-to-slf4j/2.13.3/log4j-to-slf4j-2.13.3.jar:/home/ashish/.m2/repository/org/apache/logging/log4j/log4j-api/2.13.3/log4j-api-2.13.3.jar:/home/ashish/.m2/repository/org/slf4j/jul-to-slf4j/1.7.30/jul-to-slf4j-1.7.30.jar:/home/ashish/.m2/repository/jakarta/annotation/jakarta.annotation-api/1.3.5/jakarta.annotation-api-1.3.5.jar:/home/ashish/.m2/repository/org/springframework/spring-core/5.2.7.RELEASE/spring-core-5.2.7.RELEASE.jar:/home/ashish/.m2/repository/org/springframework/spring-jcl/5.2.7.RELEASE/spring-jcl-5.2.7.RELEASE.jar:/home/ashish/.m2/repository/org/yaml/snakeyaml/1.26/snakeyaml-1.26.jar:/home/ashish/.m2/repository/org/springframework/boot/spring-boot-starter-test/2.3.1.RELEASE/spring-boot-starter-test-2.3.1.RELEASE.jar:/home/ashish/.m2/repository/org/springframework/boot/spring-boot-test/2.3.1.RELEASE/spring-boot-test-2.3.1.RELEASE.jar:/home/ashish/.m2/repository/org/springframework/boot/spring-boot-test-autoconfigure/2.3.1.RELEASE/spring-boot-test-autoconfigure-2.3.1.RELEASE.jar:/home/ashish/.m2/repository/com/jayway/jsonpath/json-path/2.4.0/json-path-2.4.0.jar:/home/ashish/.m2/repository/net/minidev/json-smart/2.3/json-smart-2.3.jar:/home/ashish/.m2/repository/net/minidev/accessors-smart/1.2/accessors-smart-1.2.jar:/home/ashish/.m2/repository/org/ow2/asm/asm/5.0.4/asm-5.0.4.jar:/home/ashish/.m2/repository/jakarta/xml/bind/jakarta.xml.bind-api/2.3.3/jakarta.xml.bind-api-2.3.3.jar:/home/ashish/.m2/repository/jakarta/activation/jakarta.activation-api/1.2.2/jakarta.activation-api-1.2.2.jar:/home/ashish/.m2/repository/org/assertj/assertj-core/3.16.1/assertj-core-3.16.1.jar:/home/ashish/.m2/repository/org/hamcrest/hamcrest/2.2/hamcrest-2.2.jar:/home/ashish/.m2/repository/org/junit/jupiter/junit-jupiter/5.6.2/junit-jupiter-5.6.2.jar:/home/ashish/.m2/repository/org/junit/jupiter/junit-jupiter-api/5.6.2/junit-jupiter-api-5.6.2.jar:/home/ashish/.m2/repository/org/apiguardian/apiguardian-api/1.1.0/apiguardian-api-1.1.0.jar:/home/ashish/.m2/repository/org/opentest4j/opentest4j/1.2.0/opentest4j-1.2.0.jar:/home/ashish/.m2/repository/org/junit/platform/junit-platform-commons/1.6.2/junit-platform-commons-1.6.2.jar:/home/ashish/.m2/repository/org/junit/jupiter/junit-jupiter-params/5.6.2/junit-jupiter-params-5.6.2.jar:/home/ashish/.m2/repository/org/junit/jupiter/junit-jupiter-engine/5.6.2/junit-jupiter-engine-5.6.2.jar:/home/ashish/.m2/repository/org/junit/platform/junit-platform-engine/1.6.2/junit-platform-engine-1.6.2.jar:/home/ashish/.m2/repository/org/mockito/mockito-core/3.3.3/mockito-core-3.3.3.jar:/home/ashish/.m2/repository/net/bytebuddy/byte-buddy/1.10.11/byte-buddy-1.10.11.jar:/home/ashish/.m2/repository/net/bytebuddy/byte-buddy-agent/1.10.11/byte-buddy-agent-1.10.11.jar:/home/ashish/.m2/repository/org/objenesis/objenesis/2.6/objenesis-2.6.jar:/home/ashish/.m2/repository/org/mockito/mockito-junit-jupiter/3.3.3/mockito-junit-jupiter-3.3.3.jar:/home/ashish/.m2/repository/org/skyscreamer/jsonassert/1.5.0/jsonassert-1.5.0.jar:/home/ashish/.m2/repository/com/vaadin/external/google/android-json/0.0.20131108.vaadin1/android-json-0.0.20131108.vaadin1.jar:/home/ashish/.m2/repository/org/springframework/spring-test/5.2.7.RELEASE/spring-test-5.2.7.RELEASE.jar:/home/ashish/.m2/repository/org/xmlunit/xmlunit-core/2.7.0/xmlunit-core-2.7.0.jar:/home/ashish/.m2/repository/org/springframework/boot/spring-boot-starter-data-cassandra/2.3.1.RELEASE/spring-boot-starter-data-cassandra-2.3.1.RELEASE.jar:/home/ashish/.m2/repository/org/springframework/spring-tx/5.2.7.RELEASE/spring-tx-5.2.7.RELEASE.jar:/home/ashish/.m2/repository/org/springframework/data/spring-data-cassandra/3.0.1.RELEASE/spring-data-cassandra-3.0.1.RELEASE.jar:/home/ashish/.m2/repository/org/springframework/spring-context/5.2.7.RELEASE/spring-context-5.2.7.RELEASE.jar:/home/ashish/.m2/repository/org/springframework/spring-aop/5.2.7.RELEASE/spring-aop-5.2.7.RELEASE.jar:/home/ashish/.m2/repository/org/springframework/spring-beans/5.2.7.RELEASE/spring-beans-5.2.7.RELEASE.jar:/home/ashish/.m2/repository/org/springframework/spring-expression/5.2.7.RELEASE/spring-expression-5.2.7.RELEASE.jar:/home/ashish/.m2/repository/org/springframework/data/spring-data-commons/2.3.1.RELEASE/spring-data-commons-2.3.1.RELEASE.jar:/home/ashish/.m2/repository/com/datastax/oss/java-driver-core/4.6.1/java-driver-core-4.6.1.jar:/home/ashish/.m2/repository/com/datastax/oss/native-protocol/1.4.10/native-protocol-1.4.10.jar:/home/ashish/.m2/repository/io/netty/netty-handler/4.1.50.Final/netty-handler-4.1.50.Final.jar:/home/ashish/.m2/repository/io/netty/netty-common/4.1.50.Final/netty-common-4.1.50.Final.jar:/home/ashish/.m2/repository/io/netty/netty-resolver/4.1.50.Final/netty-resolver-4.1.50.Final.jar:/home/ashish/.m2/repository/io/netty/netty-buffer/4.1.50.Final/netty-buffer-4.1.50.Final.jar:/home/ashish/.m2/repository/io/netty/netty-transport/4.1.50.Final/netty-transport-4.1.50.Final.jar:/home/ashish/.m2/repository/io/netty/netty-codec/4.1.50.Final/netty-codec-4.1.50.Final.jar:/home/ashish/.m2/repository/com/datastax/oss/java-driver-shaded-guava/25.1-jre/java-driver-shaded-guava-25.1-jre.jar:/home/ashish/.m2/repository/com/typesafe/config/1.3.4/config-1.3.4.jar:/home/ashish/.m2/repository/com/github/jnr/jnr-posix/3.0.50/jnr-posix-3.0.50.jar:/home/ashish/.m2/repository/com/github/jnr/jnr-ffi/2.1.10/jnr-ffi-2.1.10.jar:/home/ashish/.m2/repository/com/github/jnr/jffi/1.2.19/jffi-1.2.19.jar:/home/ashish/.m2/repository/com/github/jnr/jffi/1.2.19/jffi-1.2.19-native.jar:/home/ashish/.m2/repository/org/ow2/asm/asm-commons/7.1/asm-commons-7.1.jar:/home/ashish/.m2/repository/org/ow2/asm/asm-analysis/7.1/asm-analysis-7.1.jar:/home/ashish/.m2/repository/org/ow2/asm/asm-tree/7.1/asm-tree-7.1.jar:/home/ashish/.m2/repository/org/ow2/asm/asm-util/7.1/asm-util-7.1.jar:/home/ashish/.m2/repository/com/github/jnr/jnr-a64asm/1.0.0/jnr-a64asm-1.0.0.jar:/home/ashish/.m2/repository/com/github/jnr/jnr-x86asm/1.0.2/jnr-x86asm-1.0.2.jar:/home/ashish/.m2/repository/com/github/jnr/jnr-constants/0.9.12/jnr-constants-0.9.12.jar:/home/ashish/.m2/repository/org/javatuples/javatuples/1.2/javatuples-1.2.jar:/home/ashish/.m2/repository/io/dropwizard/metrics/metrics-core/4.1.9/metrics-core-4.1.9.jar:/home/ashish/.m2/repository/org/hdrhistogram/HdrHistogram/2.1.11/HdrHistogram-2.1.11.jar:/home/ashish/.m2/repository/com/esri/geometry/esri-geometry-api/1.2.1/esri-geometry-api-1.2.1.jar:/home/ashish/.m2/repository/org/json/json/20090211/json-20090211.jar:/home/ashish/.m2/repository/org/codehaus/jackson/jackson-core-asl/1.9.12/jackson-core-asl-1.9.12.jar:/home/ashish/.m2/repository/org/apache/tinkerpop/gremlin-core/3.4.5/gremlin-core-3.4.5.jar:/home/ashish/.m2/repository/org/apache/tinkerpop/gremlin-shaded/3.4.5/gremlin-shaded-3.4.5.jar:/home/ashish/.m2/repository/commons-configuration/commons-configuration/1.10/commons-configuration-1.10.jar:/home/ashish/.m2/repository/commons-lang/commons-lang/2.6/commons-lang-2.6.jar:/home/ashish/.m2/repository/commons-collections/commons-collections/3.2.2/commons-collections-3.2.2.jar:/home/ashish/.m2/repository/org/apache/commons/commons-lang3/3.10/commons-lang3-3.10.jar:/home/ashish/.m2/repository/com/carrotsearch/hppc/0.7.1/hppc-0.7.1.jar:/home/ashish/.m2/repository/com/jcabi/jcabi-manifests/1.1/jcabi-manifests-1.1.jar:/home/ashish/.m2/repository/com/jcabi/jcabi-log/0.14/jcabi-log-0.14.jar:/home/ashish/.m2/repository/com/squareup/javapoet/1.8.0/javapoet-1.8.0.jar:/home/ashish/.m2/repository/net/objecthunter/exp4j/0.4.8/exp4j-0.4.8.jar:/home/ashish/.m2/repository/org/apache/tinkerpop/tinkergraph-gremlin/3.4.5/tinkergraph-gremlin-3.4.5.jar:/home/ashish/.m2/repository/org/apache/tinkerpop/gremlin-driver/3.4.5/gremlin-driver-3.4.5.jar:/home/ashish/.m2/repository/org/codehaus/groovy/groovy/2.5.7/groovy-2.5.7-indy.jar:/home/ashish/.m2/repository/org/codehaus/groovy/groovy-json/2.5.7/groovy-json-2.5.7-indy.jar:/home/ashish/.m2/repository/com/fasterxml/jackson/core/jackson-core/2.11.0/jackson-core-2.11.0.jar:/home/ashish/.m2/repository/com/fasterxml/jackson/core/jackson-databind/2.11.0/jackson-databind-2.11.0.jar:/home/ashish/.m2/repository/org/reactivestreams/reactive-streams/1.0.3/reactive-streams-1.0.3.jar:/home/ashish/.m2/repository/com/github/stephenc/jcip/jcip-annotations/1.0-1/jcip-annotations-1.0-1.jar:/home/ashish/.m2/repository/com/github/spotbugs/spotbugs-annotations/3.1.12/spotbugs-annotations-3.1.12.jar:/home/ashish/.m2/repository/com/google/code/findbugs/jsr305/3.0.2/jsr305-3.0.2.jar:/home/ashish/.m2/repository/com/datastax/oss/java-driver-query-builder/4.6.1/java-driver-query-builder-4.6.1.jar:/home/ashish/.m2/repository/org/slf4j/slf4j-api/1.7.30/slf4j-api-1.7.30.jar:/home/ashish/.m2/repository/org/springframework/boot/spring-boot-starter-web/2.3.1.RELEASE/spring-boot-starter-web-2.3.1.RELEASE.jar:/home/ashish/.m2/repository/org/springframework/boot/spring-boot-starter-json/2.3.1.RELEASE/spring-boot-starter-json-2.3.1.RELEASE.jar:/home/ashish/.m2/repository/com/fasterxml/jackson/datatype/jackson-datatype-jdk8/2.11.0/jackson-datatype-jdk8-2.11.0.jar:/home/ashish/.m2/repository/com/fasterxml/jackson/datatype/jackson-datatype-jsr310/2.11.0/jackson-datatype-jsr310-2.11.0.jar:/home/ashish/.m2/repository/com/fasterxml/jackson/module/jackson-module-parameter-names/2.11.0/jackson-module-parameter-names-2.11.0.jar:/home/ashish/.m2/repository/org/springframework/boot/spring-boot-starter-tomcat/2.3.1.RELEASE/spring-boot-starter-tomcat-2.3.1.RELEASE.jar:/home/ashish/.m2/repository/org/apache/tomcat/embed/tomcat-embed-core/9.0.36/tomcat-embed-core-9.0.36.jar:/home/ashish/.m2/repository/org/glassfish/jakarta.el/3.0.3/jakarta.el-3.0.3.jar:/home/ashish/.m2/repository/org/apache/tomcat/embed/tomcat-embed-websocket/9.0.36/tomcat-embed-websocket-9.0.36.jar:/home/ashish/.m2/repository/org/springframework/spring-web/5.2.7.RELEASE/spring-web-5.2.7.RELEASE.jar:/home/ashish/.m2/repository/org/springframework/spring-webmvc/5.2.7.RELEASE/spring-webmvc-5.2.7.RELEASE.jar:/home/ashish/.m2/repository/org/projectlombok/lombok/1.18.12/lombok-1.18.12.jar:/home/ashish/.m2/repository/io/springfox/springfox-swagger-ui/2.9.2/springfox-swagger-ui-2.9.2.jar:/home/ashish/.m2/repository/io/springfox/springfox-spring-web/2.9.2/springfox-spring-web-2.9.2.jar:/home/ashish/.m2/repository/io/springfox/springfox-swagger2/2.9.2/springfox-swagger2-2.9.2.jar:/home/ashish/.m2/repository/io/swagger/swagger-annotations/1.5.20/swagger-annotations-1.5.20.jar:/home/ashish/.m2/repository/io/swagger/swagger-models/1.5.20/swagger-models-1.5.20.jar:/home/ashish/.m2/repository/com/fasterxml/jackson/core/jackson-annotations/2.11.0/jackson-annotations-2.11.0.jar:/home/ashish/.m2/repository/io/springfox/springfox-spi/2.9.2/springfox-spi-2.9.2.jar:/home/ashish/.m2/repository/io/springfox/springfox-core/2.9.2/springfox-core-2.9.2.jar:/home/ashish/.m2/repository/io/springfox/springfox-schema/2.9.2/springfox-schema-2.9.2.jar:/home/ashish/.m2/repository/io/springfox/springfox-swagger-common/2.9.2/springfox-swagger-common-2.9.2.jar:/home/ashish/.m2/repository/com/google/guava/guava/20.0/guava-20.0.jar:/home/ashish/.m2/repository/com/fasterxml/classmate/1.5.1/classmate-1.5.1.jar:/home/ashish/.m2/repository/org/springframework/plugin/spring-plugin-core/1.2.0.RELEASE/spring-plugin-core-1.2.0.RELEASE.jar:/home/ashish/.m2/repository/org/springframework/plugin/spring-plugin-metadata/1.2.0.RELEASE/spring-plugin-metadata-1.2.0.RELEASE.jar:/home/ashish/.m2/repository/org/mapstruct/mapstruct/1.2.0.Final/mapstruct-1.2.0.Final.jar:/home/ashish/.m2/repository/org/springframework/boot/spring-boot-configuration-processor/2.3.1.RELEASE/spring-boot-configuration-processor-2.3.1.RELEASE.jar:"/>
    <property name="sun.cpu.endian" value="little"/>
    <property name="user.home" value="/home/ashish"/>
    <property name="user.language" value="en"/>
    <property name="java.specification.vendor" value="Oracle Corporation"/>
    <property name="java.home" value="/opt/jdk8u202-b08/jre"/>
    <property name="basedir" value="/home/ashish/sandbox/mattea_rest_api/mattea-recommendation-api"/>
    <property name="file.separator" value="/"/>
    <property name="line.separator" value="&#10;"/>
    <property name="java.vm.specification.vendor" value="Oracle Corporation"/>
    <property name="java.specification.name" value="Java Platform API Specification"/>
    <property name="java.awt.graphicsenv" value="sun.awt.X11GraphicsEnvironment"/>
    <property name="surefire.real.class.path" value="/home/ashish/sandbox/mattea_rest_api/mattea-recommendation-api/target/surefire/surefirebooter4918975717550525339.jar"/>
    <property name="sun.boot.class.path" value="/opt/jdk8u202-b08/jre/lib/resources.jar:/opt/jdk8u202-b08/jre/lib/rt.jar:/opt/jdk8u202-b08/jre/lib/sunrsasign.jar:/opt/jdk8u202-b08/jre/lib/jsse.jar:/opt/jdk8u202-b08/jre/lib/jce.jar:/opt/jdk8u202-b08/jre/lib/charsets.jar:/opt/jdk8u202-b08/jre/lib/jfr.jar:/opt/jdk8u202-b08/jre/classes"/>
    <property name="sun.management.compiler" value="HotSpot 64-Bit Tiered Compilers"/>
    <property name="java.runtime.version" value="1.8.0_202-b08"/>
    <property name="user.name" value="ashish"/>
    <property name="path.separator" value=":"/>
    <property name="os.version" value="4.4.0-185-generic"/>
    <property name="java.endorsed.dirs" value="/opt/jdk8u202-b08/jre/lib/endorsed"/>
    <property name="java.runtime.name" value="OpenJDK Runtime Environment"/>
    <property name="file.encoding" value="UTF-8"/>
    <property name="java.vm.name" value="OpenJDK 64-Bit Server VM"/>
    <property name="localRepository" value="/home/ashish/.m2/repository"/>
    <property name="java.vendor.url.bug" value="https://github.com/AdoptOpenJDK/openjdk-build/issues"/>
    <property name="java.io.tmpdir" value="/tmp"/>
    <property name="java.version" value="1.8.0_202"/>
    <property name="user.dir" value="/home/ashish/sandbox/mattea_rest_api/mattea-recommendation-api"/>
    <property name="os.arch" value="amd64"/>
    <property name="java.vm.specification.name" value="Java Virtual Machine Specification"/>
    <property name="java.awt.printerjob" value="sun.print.PSPrinterJob"/>
    <property name="sun.os.patch.level" value="unknown"/>
    <property name="java.library.path" value="/usr/java/packages/lib/amd64:/usr/lib64:/lib64:/lib:/usr/lib"/>
    <property name="java.vm.info" value="mixed mode"/>
    <property name="java.vendor" value="AdoptOpenJdk"/>
    <property name="java.vm.version" value="25.202-b08"/>
    <property name="java.ext.dirs" value="/opt/jdk8u202-b08/jre/lib/ext:/usr/java/packages/lib/ext"/>
    <property name="sun.io.unicode.encoding" value="UnicodeLittle"/>
    <property name="java.class.version" value="52.0"/>
  </properties>
  <testcase name="contextLoads" classname="io.mattea.recommendation.MatteaRecommendationApiApplicationTests" time="0.16"/>
</testsuite>